<?xml version="1.0" encoding="UTF-8"?>
<testng-results ignored="0" total="1" passed="0" failed="1" skipped="0">
  <reporter-output>
  </reporter-output>
  <suite started-at="2024-09-11T22:41:56 IST" name="Default suite" finished-at="2024-09-11T22:42:10 IST" duration-ms="13507">
    <groups>
    </groups>
    <test started-at="2024-09-11T22:41:56 IST" name="Default test" finished-at="2024-09-11T22:42:10 IST" duration-ms="13507">
      <class name="pom.LoginInvalid">
        <test-method is-config="true" signature="preLogin()[pri:0, instance:pom.LoginInvalid@3daa422a]" started-at="2024-09-11T22:41:56 IST" name="preLogin" finished-at="2024-09-11T22:42:02 IST" duration-ms="5826" status="PASS">
          <reporter-output>
          </reporter-output>
        </test-method> <!-- preLogin -->
        <test-method signature="incorrectLogin()[pri:0, instance:pom.LoginInvalid@3daa422a]" started-at="2024-09-11T22:42:02 IST" name="incorrectLogin" finished-at="2024-09-11T22:42:10 IST" duration-ms="7404" status="FAIL">
          <exception class="java.lang.AssertionError">
            <message>
              <![CDATA[Please enter a correct username and password. Note that both fields may be case-sensitive. Please enter a correct username and password. Note that both fields may be case-sensitive. expected [true] but found [false]]]>
            </message>
            <full-stacktrace>
              <![CDATA[java.lang.AssertionError: Please enter a correct username and password. Note that both fields may be case-sensitive. Please enter a correct username and password. Note that both fields may be case-sensitive. expected [true] but found [false]
at org.testng.Assert.fail(Assert.java:99)
at org.testng.Assert.failNotEquals(Assert.java:1037)
at org.testng.Assert.assertTrue(Assert.java:45)
at pom.LoginInvalid.incorrectLogin(LoginInvalid.java:35)
at java.base/jdk.internal.reflect.NativeMethodAccessorImpl.invoke0(Native Method)
at java.base/jdk.internal.reflect.NativeMethodAccessorImpl.invoke(NativeMethodAccessorImpl.java:77)
at java.base/jdk.internal.reflect.DelegatingMethodAccessorImpl.invoke(DelegatingMethodAccessorImpl.java:43)
at java.base/java.lang.reflect.Method.invoke(Method.java:568)
at org.testng.internal.MethodInvocationHelper.invokeMethod(MethodInvocationHelper.java:132)
at org.testng.internal.TestInvoker.invokeMethod(TestInvoker.java:599)
at org.testng.internal.TestInvoker.invokeTestMethod(TestInvoker.java:174)
at org.testng.internal.MethodRunner.runInSequence(MethodRunner.java:46)
at org.testng.internal.TestInvoker$MethodInvocationAgent.invoke(TestInvoker.java:822)
at org.testng.internal.TestInvoker.invokeTestMethods(TestInvoker.java:147)
at org.testng.internal.TestMethodWorker.invokeTestMethods(TestMethodWorker.java:146)
at org.testng.internal.TestMethodWorker.run(TestMethodWorker.java:128)
at java.base/java.util.ArrayList.forEach(ArrayList.java:1511)
at org.testng.TestRunner.privateRun(TestRunner.java:764)
at org.testng.TestRunner.run(TestRunner.java:585)
at org.testng.SuiteRunner.runTest(SuiteRunner.java:384)
at org.testng.SuiteRunner.runSequentially(SuiteRunner.java:378)
at org.testng.SuiteRunner.privateRun(SuiteRunner.java:337)
at org.testng.SuiteRunner.run(SuiteRunner.java:286)
at org.testng.SuiteRunnerWorker.runSuite(SuiteRunnerWorker.java:53)
at org.testng.SuiteRunnerWorker.run(SuiteRunnerWorker.java:96)
at org.testng.TestNG.runSuitesSequentially(TestNG.java:1218)
at org.testng.TestNG.runSuitesLocally(TestNG.java:1140)
at org.testng.TestNG.runSuites(TestNG.java:1069)
at org.testng.TestNG.run(TestNG.java:1037)
at org.testng.remote.AbstractRemoteTestNG.run(AbstractRemoteTestNG.java:115)
at org.testng.remote.RemoteTestNG.initAndRun(RemoteTestNG.java:293)
at org.testng.remote.RemoteTestNG.main(RemoteTestNG.java:91)
]]>
            </full-stacktrace>
          </exception> <!-- java.lang.AssertionError -->
          <reporter-output>
          </reporter-output>
        </test-method> <!-- incorrectLogin -->
        <test-method is-config="true" signature="windowClose()[pri:0, instance:pom.LoginInvalid@3daa422a]" started-at="2024-09-11T22:42:10 IST" name="windowClose" finished-at="2024-09-11T22:42:10 IST" duration-ms="237" status="PASS">
          <reporter-output>
          </reporter-output>
        </test-method> <!-- windowClose -->
      </class> <!-- pom.LoginInvalid -->
    </test> <!-- Default test -->
  </suite> <!-- Default suite -->
</testng-results>
